app/build/intermediates/manifest_merge_blame_file/debug/manifest-merger-blame-debug-report.txt
1<?xml version="1.0" encoding="utf-8"?>
2<manifest xmlns:android="http://schemas.android.com/apk/res/android"
3    package="com.paulbaker.album"
4    android:versionCode="1"
5    android:versionName="1.0" >
6
7    <uses-sdk
8        android:minSdkVersion="24"
8-->src\main\AndroidManifest.xml
9        android:targetSdkVersion="31" />
9-->src\main\AndroidManifest.xml
10
11    <uses-permission android:name="android.permission.READ_EXTERNAL_STORAGE" />
11-->src\main\AndroidManifest.xml:5:5-80
11-->src\main\AndroidManifest.xml:5:22-77
12    <uses-permission
12-->src\main\AndroidManifest.xml:6:5-8:38
13        android:name="android.permission.WRITE_EXTERNAL_STORAGE"
13-->src\main\AndroidManifest.xml:7:9-65
14        android:maxSdkVersion="30" />
14-->src\main\AndroidManifest.xml:8:9-35
15
16    <application
16-->src\main\AndroidManifest.xml:10:5-36:19
17        android:allowBackup="true"
17-->src\main\AndroidManifest.xml:11:9-35
18        android:appComponentFactory="androidx.core.app.CoreComponentFactory"
18-->[androidx.core:core:1.3.1] AndroidManifest.xml:24:18-86
19        android:debuggable="true"
20        android:extractNativeLibs="false"
21        android:icon="@mipmap/ic_launcher"
21-->src\main\AndroidManifest.xml:12:9-43
22        android:label="@string/app_name"
22-->src\main\AndroidManifest.xml:13:9-41
23        android:roundIcon="@mipmap/ic_launcher_round"
23-->src\main\AndroidManifest.xml:14:9-54
24        android:supportsRtl="true"
24-->src\main\AndroidManifest.xml:15:9-35
25        android:testOnly="true"
26        android:theme="@style/splashScreenTheme" >
26-->src\main\AndroidManifest.xml:16:9-49
27        <activity
27-->src\main\AndroidManifest.xml:17:9-25:20
28            android:name="com.paulbaker.album.MainActivity"
28-->src\main\AndroidManifest.xml:18:13-60
29            android:exported="true" >
29-->src\main\AndroidManifest.xml:19:13-36
30            <intent-filter>
30-->src\main\AndroidManifest.xml:20:13-24:29
31                <action android:name="android.intent.action.MAIN" />
31-->src\main\AndroidManifest.xml:21:17-69
31-->src\main\AndroidManifest.xml:21:25-66
32
33                <category android:name="android.intent.category.LAUNCHER" />
33-->src\main\AndroidManifest.xml:23:17-77
33-->src\main\AndroidManifest.xml:23:27-74
34            </intent-filter>
35        </activity>
36
37        <provider
38            android:name="androidx.core.content.FileProvider"
38-->src\main\AndroidManifest.xml:28:13-62
39            android:authorities="com.paulbaker.album.provider"
39-->src\main\AndroidManifest.xml:29:13-60
40            android:exported="false"
40-->src\main\AndroidManifest.xml:30:13-37
41            android:grantUriPermissions="true" >
41-->src\main\AndroidManifest.xml:31:13-47
42            <meta-data
42-->src\main\AndroidManifest.xml:32:13-34:58
43                android:name="android.support.FILE_PROVIDER_PATHS"
43-->src\main\AndroidManifest.xml:33:17-67
44                android:resource="@xml/provider_paths" />
44-->src\main\AndroidManifest.xml:34:17-55
45        </provider>
46        <provider
46-->[com.squareup.picasso:picasso:2.71828] AndroidManifest.xml:8:9-11:40
47            android:name="com.squareup.picasso.PicassoProvider"
47-->[com.squareup.picasso:picasso:2.71828] AndroidManifest.xml:9:13-64
48            android:authorities="com.paulbaker.album.com.squareup.picasso"
48-->[com.squareup.picasso:picasso:2.71828] AndroidManifest.xml:10:13-72
49            android:exported="false" />
49-->[com.squareup.picasso:picasso:2.71828] AndroidManifest.xml:11:13-37
50    </application>
51
52</manifest>